[ 2018-07-21T22:43:18+08:00 ] 127.0.0.1 /index.php/Home/Login/loging
INFO: [ app_begin ] --START--
INFO: Run Behavior\ReadHtmlCacheBehavior [ RunTime:0.011261s ]
INFO: [ app_begin ] --END-- [ RunTime:0.012525s ]
INFO: [ view_parse ] --START--
INFO: [ template_filter ] --START--
INFO: Run Behavior\ContentReplaceBehavior [ RunTime:0.000179s ]
INFO: [ template_filter ] --END-- [ RunTime:0.000491s ]
INFO: Run Behavior\ParseTemplateBehavior [ RunTime:0.053021s ]
INFO: [ view_parse ] --END-- [ RunTime:0.053436s ]
INFO: [ view_filter ] --START--
INFO: Run Behavior\WriteHtmlCacheBehavior [ RunTime:0.001910s ]
INFO: [ view_filter ] --END-- [ RunTime:0.002439s ]
INFO: [ app_end ] --START--
INFO: Run Behavior\ShowPageTraceBehavior [ RunTime:0.002694s ]
INFO: [ app_end ] --END-- [ RunTime:0.003008s ]

[ 2018-07-21T22:43:18+08:00 ] 127.0.0.1 /index.php/Home/Login/loging
ERR: SQLSTATE[42000]: Syntax error or access violation: 1064 You have an error in your SQL syntax; check the manual that corresponds to your MySQL server version for the right syntax to use near '["user_name"] ) LIMIT 1' at line 1

[ 2018-07-21T22:45:22+08:00 ] 127.0.0.1 /index.php/Home/Login/loging
INFO: [ app_begin ] --START--
INFO: Run Behavior\ReadHtmlCacheBehavior [ RunTime:0.001934s ]
INFO: [ app_begin ] --END-- [ RunTime:0.003072s ]
INFO: [ view_parse ] --START--
INFO: [ template_filter ] --START--
INFO: Run Behavior\ContentReplaceBehavior [ RunTime:0.000178s ]
INFO: [ template_filter ] --END-- [ RunTime:0.000489s ]
INFO: Run Behavior\ParseTemplateBehavior [ RunTime:0.034794s ]
INFO: [ view_parse ] --END-- [ RunTime:0.035122s ]
INFO: [ view_filter ] --START--
INFO: Run Behavior\WriteHtmlCacheBehavior [ RunTime:0.001232s ]
INFO: [ view_filter ] --END-- [ RunTime:0.001555s ]
INFO: [ app_end ] --START--
INFO: Run Behavior\ShowPageTraceBehavior [ RunTime:0.002251s ]
INFO: [ app_end ] --END-- [ RunTime:0.002576s ]

[ 2018-07-21T22:56:07+08:00 ] 127.0.0.1 /index.php/Home/Login/loging
INFO: [ app_begin ] --START--
INFO: Run Behavior\ReadHtmlCacheBehavior [ RunTime:0.001822s ]
INFO: [ app_begin ] --END-- [ RunTime:0.003120s ]
INFO: [ view_parse ] --START--
INFO: [ template_filter ] --START--
INFO: Run Behavior\ContentReplaceBehavior [ RunTime:0.000193s ]
INFO: [ template_filter ] --END-- [ RunTime:0.000507s ]
INFO: Run Behavior\ParseTemplateBehavior [ RunTime:0.023654s ]
INFO: [ view_parse ] --END-- [ RunTime:0.024010s ]
INFO: [ view_filter ] --START--
INFO: Run Behavior\WriteHtmlCacheBehavior [ RunTime:0.001652s ]
INFO: [ view_filter ] --END-- [ RunTime:0.002193s ]
INFO: [ app_end ] --START--
INFO: Run Behavior\ShowPageTraceBehavior [ RunTime:0.001640s ]
INFO: [ app_end ] --END-- [ RunTime:0.001947s ]

[ 2018-07-21T22:59:29+08:00 ] 127.0.0.1 /index.php/Home/Login/loging
INFO: [ app_begin ] --START--
INFO: Run Behavior\ReadHtmlCacheBehavior [ RunTime:0.001722s ]
INFO: [ app_begin ] --END-- [ RunTime:0.002865s ]
INFO: [ view_parse ] --START--
INFO: [ template_filter ] --START--
INFO: Run Behavior\ContentReplaceBehavior [ RunTime:0.000186s ]
INFO: [ template_filter ] --END-- [ RunTime:0.000504s ]
INFO: Run Behavior\ParseTemplateBehavior [ RunTime:0.015679s ]
INFO: [ view_parse ] --END-- [ RunTime:0.015999s ]
INFO: [ view_filter ] --START--
INFO: Run Behavior\WriteHtmlCacheBehavior [ RunTime:0.001296s ]
INFO: [ view_filter ] --END-- [ RunTime:0.001594s ]
INFO: [ app_end ] --START--
INFO: Run Behavior\ShowPageTraceBehavior [ RunTime:0.025287s ]
INFO: [ app_end ] --END-- [ RunTime:0.025663s ]

[ 2018-07-21T23:01:10+08:00 ] 127.0.0.1 /index.php/Home/Login/loging
INFO: [ app_begin ] --START--
INFO: Run Behavior\ReadHtmlCacheBehavior [ RunTime:0.002067s ]
INFO: [ app_begin ] --END-- [ RunTime:0.003364s ]
INFO: [ view_parse ] --START--
INFO: [ template_filter ] --START--
INFO: Run Behavior\ContentReplaceBehavior [ RunTime:0.000188s ]
INFO: [ template_filter ] --END-- [ RunTime:0.000518s ]
INFO: Run Behavior\ParseTemplateBehavior [ RunTime:0.049026s ]
INFO: [ view_parse ] --END-- [ RunTime:0.049352s ]
INFO: [ view_filter ] --START--
INFO: Run Behavior\WriteHtmlCacheBehavior [ RunTime:0.001929s ]
INFO: [ view_filter ] --END-- [ RunTime:0.002272s ]
INFO: [ app_end ] --START--
INFO: Run Behavior\ShowPageTraceBehavior [ RunTime:0.002095s ]
INFO: [ app_end ] --END-- [ RunTime:0.002406s ]

[ 2018-07-21T23:01:21+08:00 ] 127.0.0.1 /index.php/Home/Login/loging
INFO: [ app_begin ] --START--
INFO: Run Behavior\ReadHtmlCacheBehavior [ RunTime:0.001516s ]
INFO: [ app_begin ] --END-- [ RunTime:0.002488s ]
INFO: [ view_parse ] --START--
INFO: [ template_filter ] --START--
INFO: Run Behavior\ContentReplaceBehavior [ RunTime:0.000179s ]
INFO: [ template_filter ] --END-- [ RunTime:0.000497s ]
INFO: Run Behavior\ParseTemplateBehavior [ RunTime:0.022230s ]
INFO: [ view_parse ] --END-- [ RunTime:0.022566s ]
INFO: [ view_filter ] --START--
INFO: Run Behavior\WriteHtmlCacheBehavior [ RunTime:0.001962s ]
INFO: [ view_filter ] --END-- [ RunTime:0.002325s ]
INFO: [ app_end ] --START--
INFO: Run Behavior\ShowPageTraceBehavior [ RunTime:0.001767s ]
INFO: [ app_end ] --END-- [ RunTime:0.002199s ]

[ 2018-07-21T23:03:50+08:00 ] 127.0.0.1 /index.php/Home/Login/loging
INFO: [ app_begin ] --START--
INFO: Run Behavior\ReadHtmlCacheBehavior [ RunTime:0.001615s ]
INFO: [ app_begin ] --END-- [ RunTime:0.002895s ]
INFO: [ view_parse ] --START--
INFO: [ template_filter ] --START--
INFO: Run Behavior\ContentReplaceBehavior [ RunTime:0.000198s ]
INFO: [ template_filter ] --END-- [ RunTime:0.000516s ]
INFO: Run Behavior\ParseTemplateBehavior [ RunTime:0.018797s ]
INFO: [ view_parse ] --END-- [ RunTime:0.019113s ]
INFO: [ view_filter ] --START--
INFO: Run Behavior\WriteHtmlCacheBehavior [ RunTime:0.001459s ]
INFO: [ view_filter ] --END-- [ RunTime:0.001739s ]
INFO: [ app_end ] --START--
INFO: Run Behavior\ShowPageTraceBehavior [ RunTime:0.001445s ]
INFO: [ app_end ] --END-- [ RunTime:0.001735s ]

[ 2018-07-21T22:33:26+08:00 ] 127.0.0.1 /index.php/Home/Login/loging
INFO: [ app_begin ] --START--
INFO: Run Behavior\ReadHtmlCacheBehavior [ RunTime:0.004640s ]
INFO: [ app_begin ] --END-- [ RunTime:0.008263s ]
INFO: [ view_parse ] --START--
INFO: [ template_filter ] --START--
INFO: Run Behavior\ContentReplaceBehavior [ RunTime:0.000177s ]
INFO: [ template_filter ] --END-- [ RunTime:0.000548s ]
INFO: Run Behavior\ParseTemplateBehavior [ RunTime:0.056661s ]
INFO: [ view_parse ] --END-- [ RunTime:0.057305s ]
INFO: [ view_filter ] --START--
INFO: Run Behavior\WriteHtmlCacheBehavior [ RunTime:0.006516s ]
INFO: [ view_filter ] --END-- [ RunTime:0.006819s ]
INFO: [ app_end ] --START--
INFO: Run Behavior\ShowPageTraceBehavior [ RunTime:0.003875s ]
INFO: [ app_end ] --END-- [ RunTime:0.004218s ]

[ 2018-07-21T22:41:49+08:00 ] 127.0.0.1 /index.php/Home/Login/loging
INFO: [ app_begin ] --START--
INFO: Run Behavior\ReadHtmlCacheBehavior [ RunTime:0.001954s ]
INFO: [ app_begin ] --END-- [ RunTime:0.003051s ]
INFO: [ app_end ] --START--
INFO: Run Behavior\ShowPageTraceBehavior [ RunTime:0.002580s ]
INFO: [ app_end ] --END-- [ RunTime:0.002913s ]

[ 2018-07-21T22:41:49+08:00 ] 127.0.0.1 /index.php/Home/Login/loging
INFO: [ app_begin ] --START--
INFO: Run Behavior\ReadHtmlCacheBehavior [ RunTime:0.002028s ]
INFO: [ app_begin ] --END-- [ RunTime:0.003624s ]
INFO: [ app_end ] --START--
INFO: Run Behavior\ShowPageTraceBehavior [ RunTime:0.002275s ]
INFO: [ app_end ] --END-- [ RunTime:0.002604s ]

[ 2018-07-21T22:41:50+08:00 ] 127.0.0.1 /index.php/Home/Login/loging
INFO: [ app_begin ] --START--
INFO: Run Behavior\ReadHtmlCacheBehavior [ RunTime:0.002005s ]
INFO: [ app_begin ] --END-- [ RunTime:0.003083s ]
INFO: [ app_end ] --START--
INFO: Run Behavior\ShowPageTraceBehavior [ RunTime:0.001934s ]
INFO: [ app_end ] --END-- [ RunTime:0.002232s ]

[ 2018-07-21T22:41:50+08:00 ] 127.0.0.1 /index.php/Home/Login/loging
INFO: [ app_begin ] --START--
INFO: Run Behavior\ReadHtmlCacheBehavior [ RunTime:0.001935s ]
INFO: [ app_begin ] --END-- [ RunTime:0.003022s ]
INFO: [ app_end ] --START--
INFO: Run Behavior\ShowPageTraceBehavior [ RunTime:0.001915s ]
INFO: [ app_end ] --END-- [ RunTime:0.002215s ]

[ 2018-07-21T22:41:50+08:00 ] 127.0.0.1 /index.php/Home/Login/loging
INFO: [ app_begin ] --START--
INFO: Run Behavior\ReadHtmlCacheBehavior [ RunTime:0.001953s ]
INFO: [ app_begin ] --END-- [ RunTime:0.003104s ]
INFO: [ app_end ] --START--
INFO: Run Behavior\ShowPageTraceBehavior [ RunTime:0.002097s ]
INFO: [ app_end ] --END-- [ RunTime:0.002435s ]

[ 2018-07-21T22:48:49+08:00 ] 127.0.0.1 /index.php/Home/Login/loging
INFO: [ app_begin ] --START--
INFO: Run Behavior\ReadHtmlCacheBehavior [ RunTime:0.003856s ]
INFO: [ app_begin ] --END-- [ RunTime:0.005647s ]
SQL: SHOW COLUMNS FROM `co_user` [ RunTime:0.0010s ]
SQL: SELECT * FROM `co_user` WHERE `user_name` = '123' LIMIT 1   [ RunTime:0.0006s ]
INFO: [ app_end ] --START--
INFO: Run Behavior\ShowPageTraceBehavior [ RunTime:0.002180s ]
INFO: [ app_end ] --END-- [ RunTime:0.002476s ]

[ 2018-07-21T22:48:51+08:00 ] 127.0.0.1 /index.php/Home/Login/loging
INFO: [ app_begin ] --START--
INFO: Run Behavior\ReadHtmlCacheBehavior [ RunTime:0.001894s ]
INFO: [ app_begin ] --END-- [ RunTime:0.002953s ]
SQL: SHOW COLUMNS FROM `co_user` [ RunTime:0.0012s ]
SQL: SELECT * FROM `co_user` WHERE `user_name` = '123' LIMIT 1   [ RunTime:0.0006s ]
INFO: [ app_end ] --START--
INFO: Run Behavior\ShowPageTraceBehavior [ RunTime:0.002264s ]
INFO: [ app_end ] --END-- [ RunTime:0.002557s ]

[ 2018-07-21T22:49:34+08:00 ] 127.0.0.1 /index.php/Home/Login/loging
INFO: [ app_begin ] --START--
INFO: Run Behavior\ReadHtmlCacheBehavior [ RunTime:0.002240s ]
INFO: [ app_begin ] --END-- [ RunTime:0.004056s ]
SQL: SHOW COLUMNS FROM `co_user` [ RunTime:0.0009s ]
SQL: SELECT * FROM `co_user` WHERE `user_name` = '123' LIMIT 1   [ RunTime:0.0005s ]
INFO: [ app_end ] --START--
INFO: Run Behavior\ShowPageTraceBehavior [ RunTime:0.002197s ]
INFO: [ app_end ] --END-- [ RunTime:0.002489s ]

[ 2018-07-21T22:50:49+08:00 ] 127.0.0.1 /index.php/Home/Login/loging
INFO: [ app_begin ] --START--
INFO: Run Behavior\ReadHtmlCacheBehavior [ RunTime:0.001737s ]
INFO: [ app_begin ] --END-- [ RunTime:0.003076s ]
SQL: SHOW COLUMNS FROM `co_user` [ RunTime:0.0022s ]
SQL: SELECT * FROM `co_user` WHERE `user_name` = '123' LIMIT 1   [ RunTime:0.0006s ]
NOTIC: [8] Undefined variable: res C:\wamp64\www\thinkphp_study\carwym\Application\Home\Controller\LoginController.class.php 第 21 行.
INFO: [ app_end ] --START--
INFO: Run Behavior\ShowPageTraceBehavior [ RunTime:0.001741s ]
INFO: [ app_end ] --END-- [ RunTime:0.002031s ]

[ 2018-07-21T22:50:51+08:00 ] 127.0.0.1 /index.php/Home/Login/loging
INFO: [ app_begin ] --START--
INFO: Run Behavior\ReadHtmlCacheBehavior [ RunTime:0.001397s ]
INFO: [ app_begin ] --END-- [ RunTime:0.002461s ]
SQL: SHOW COLUMNS FROM `co_user` [ RunTime:0.0021s ]
SQL: SELECT * FROM `co_user` WHERE `user_name` = '123' LIMIT 1   [ RunTime:0.0006s ]
NOTIC: [8] Undefined variable: res C:\wamp64\www\thinkphp_study\carwym\Application\Home\Controller\LoginController.class.php 第 21 行.
INFO: [ app_end ] --START--
INFO: Run Behavior\ShowPageTraceBehavior [ RunTime:0.001689s ]
INFO: [ app_end ] --END-- [ RunTime:0.001983s ]

[ 2018-07-21T22:50:51+08:00 ] 127.0.0.1 /index.php/Home/Login/loging
INFO: [ app_begin ] --START--
INFO: Run Behavior\ReadHtmlCacheBehavior [ RunTime:0.001825s ]
INFO: [ app_begin ] --END-- [ RunTime:0.003054s ]
SQL: SHOW COLUMNS FROM `co_user` [ RunTime:0.0021s ]
SQL: SELECT * FROM `co_user` WHERE `user_name` = '123' LIMIT 1   [ RunTime:0.0006s ]
NOTIC: [8] Undefined variable: res C:\wamp64\www\thinkphp_study\carwym\Application\Home\Controller\LoginController.class.php 第 21 行.
INFO: [ app_end ] --START--
INFO: Run Behavior\ShowPageTraceBehavior [ RunTime:0.001592s ]
INFO: [ app_end ] --END-- [ RunTime:0.001881s ]

[ 2018-07-21T22:50:51+08:00 ] 127.0.0.1 /index.php/Home/Login/loging
INFO: [ app_begin ] --START--
INFO: Run Behavior\ReadHtmlCacheBehavior [ RunTime:0.001733s ]
INFO: [ app_begin ] --END-- [ RunTime:0.002928s ]
SQL: SHOW COLUMNS FROM `co_user` [ RunTime:0.0023s ]
SQL: SELECT * FROM `co_user` WHERE `user_name` = '123' LIMIT 1   [ RunTime:0.0006s ]
NOTIC: [8] Undefined variable: res C:\wamp64\www\thinkphp_study\carwym\Application\Home\Controller\LoginController.class.php 第 21 行.
INFO: [ app_end ] --START--
INFO: Run Behavior\ShowPageTraceBehavior [ RunTime:0.001608s ]
INFO: [ app_end ] --END-- [ RunTime:0.001899s ]

[ 2018-07-21T22:50:52+08:00 ] 127.0.0.1 /index.php/Home/Login/loging
INFO: [ app_begin ] --START--
INFO: Run Behavior\ReadHtmlCacheBehavior [ RunTime:0.001415s ]
INFO: [ app_begin ] --END-- [ RunTime:0.002521s ]
SQL: SHOW COLUMNS FROM `co_user` [ RunTime:0.0009s ]
SQL: SELECT * FROM `co_user` WHERE `user_name` = '123' LIMIT 1   [ RunTime:0.0005s ]
NOTIC: [8] Undefined variable: res C:\wamp64\www\thinkphp_study\carwym\Application\Home\Controller\LoginController.class.php 第 21 行.
INFO: [ app_end ] --START--
INFO: Run Behavior\ShowPageTraceBehavior [ RunTime:0.001600s ]
INFO: [ app_end ] --END-- [ RunTime:0.001887s ]

[ 2018-07-21T22:50:52+08:00 ] 127.0.0.1 /index.php/Home/Login/loging
INFO: [ app_begin ] --START--
INFO: Run Behavior\ReadHtmlCacheBehavior [ RunTime:0.001501s ]
INFO: [ app_begin ] --END-- [ RunTime:0.002645s ]
SQL: SHOW COLUMNS FROM `co_user` [ RunTime:0.0009s ]
SQL: SELECT * FROM `co_user` WHERE `user_name` = '123' LIMIT 1   [ RunTime:0.0008s ]
NOTIC: [8] Undefined variable: res C:\wamp64\www\thinkphp_study\carwym\Application\Home\Controller\LoginController.class.php 第 21 行.
INFO: [ app_end ] --START--
INFO: Run Behavior\ShowPageTraceBehavior [ RunTime:0.001623s ]
INFO: [ app_end ] --END-- [ RunTime:0.001909s ]

[ 2018-07-21T22:50:54+08:00 ] 127.0.0.1 /index.php/Home/Login/loging
INFO: [ app_begin ] --START--
INFO: Run Behavior\ReadHtmlCacheBehavior [ RunTime:0.001467s ]
INFO: [ app_begin ] --END-- [ RunTime:0.002631s ]
SQL: SHOW COLUMNS FROM `co_user` [ RunTime:0.0009s ]
SQL: SELECT * FROM `co_user` WHERE `user_name` = '123' LIMIT 1   [ RunTime:0.0007s ]
NOTIC: [8] Undefined variable: res C:\wamp64\www\thinkphp_study\carwym\Application\Home\Controller\LoginController.class.php 第 21 行.
INFO: [ app_end ] --START--
INFO: Run Behavior\ShowPageTraceBehavior [ RunTime:0.001621s ]
INFO: [ app_end ] --END-- [ RunTime:0.002024s ]

[ 2018-07-21T22:50:55+08:00 ] 127.0.0.1 /index.php/Home/Login/loging
INFO: [ app_begin ] --START--
INFO: Run Behavior\ReadHtmlCacheBehavior [ RunTime:0.001411s ]
INFO: [ app_begin ] --END-- [ RunTime:0.002480s ]
SQL: SHOW COLUMNS FROM `co_user` [ RunTime:0.0009s ]
SQL: SELECT * FROM `co_user` WHERE `user_name` = '123' LIMIT 1   [ RunTime:0.0005s ]
NOTIC: [8] Undefined variable: res C:\wamp64\www\thinkphp_study\carwym\Application\Home\Controller\LoginController.class.php 第 21 行.
INFO: [ app_end ] --START--
INFO: Run Behavior\ShowPageTraceBehavior [ RunTime:0.001600s ]
INFO: [ app_end ] --END-- [ RunTime:0.001888s ]

[ 2018-07-21T22:51:55+08:00 ] 127.0.0.1 /index.php/Home/Login/loging
INFO: [ app_begin ] --START--
INFO: Run Behavior\ReadHtmlCacheBehavior [ RunTime:0.002828s ]
INFO: [ app_begin ] --END-- [ RunTime:0.027593s ]
SQL: SHOW COLUMNS FROM `co_user` [ RunTime:0.0010s ]
SQL: SELECT * FROM `co_user` WHERE `user_name` = '123' LIMIT 1   [ RunTime:0.0006s ]
NOTIC: [8] Undefined variable: res C:\wamp64\www\thinkphp_study\carwym\Application\Home\Controller\LoginController.class.php 第 21 行.
INFO: [ app_end ] --START--
INFO: Run Behavior\ShowPageTraceBehavior [ RunTime:0.002206s ]
INFO: [ app_end ] --END-- [ RunTime:0.002700s ]

[ 2018-07-21T22:52:57+08:00 ] 127.0.0.1 /index.php/Home/Login/loging
INFO: [ app_begin ] --START--
INFO: Run Behavior\ReadHtmlCacheBehavior [ RunTime:0.002148s ]
INFO: [ app_begin ] --END-- [ RunTime:0.003332s ]
SQL: SHOW COLUMNS FROM `co_user` [ RunTime:0.0011s ]
SQL: SELECT * FROM `co_user` WHERE `user_name` = '123' LIMIT 1   [ RunTime:0.0007s ]
NOTIC: [8] Undefined variable: res C:\wamp64\www\thinkphp_study\carwym\Application\Home\Controller\LoginController.class.php 第 21 行.
INFO: [ app_end ] --START--
INFO: Run Behavior\ShowPageTraceBehavior [ RunTime:0.002287s ]
INFO: [ app_end ] --END-- [ RunTime:0.002593s ]

[ 2018-07-21T22:53:05+08:00 ] 127.0.0.1 /index.php/Home/Login/loging
INFO: [ app_begin ] --START--
INFO: Run Behavior\ReadHtmlCacheBehavior [ RunTime:0.001931s ]
INFO: [ app_begin ] --END-- [ RunTime:0.003034s ]
SQL: SHOW COLUMNS FROM `co_user` [ RunTime:0.0010s ]
SQL: SELECT * FROM `co_user` WHERE `user_name` = '123' LIMIT 1   [ RunTime:0.0006s ]
NOTIC: [8] Undefined variable: res C:\wamp64\www\thinkphp_study\carwym\Application\Home\Controller\LoginController.class.php 第 21 行.
INFO: [ app_end ] --START--
INFO: Run Behavior\ShowPageTraceBehavior [ RunTime:0.002092s ]
INFO: [ app_end ] --END-- [ RunTime:0.002377s ]

[ 2018-07-21T22:53:07+08:00 ] 127.0.0.1 /index.php/Home/Login/loging
INFO: [ app_begin ] --START--
INFO: Run Behavior\ReadHtmlCacheBehavior [ RunTime:0.002462s ]
INFO: [ app_begin ] --END-- [ RunTime:0.004224s ]
SQL: SHOW COLUMNS FROM `co_user` [ RunTime:0.0011s ]
SQL: SELECT * FROM `co_user` WHERE `user_name` = '123' LIMIT 1   [ RunTime:0.0005s ]
NOTIC: [8] Undefined variable: res C:\wamp64\www\thinkphp_study\carwym\Application\Home\Controller\LoginController.class.php 第 21 行.
INFO: [ app_end ] --START--
INFO: Run Behavior\ShowPageTraceBehavior [ RunTime:0.002127s ]
INFO: [ app_end ] --END-- [ RunTime:0.002416s ]

[ 2018-07-21T22:54:25+08:00 ] 127.0.0.1 /index.php/Home/Login/loging
INFO: [ app_begin ] --START--
INFO: Run Behavior\ReadHtmlCacheBehavior [ RunTime:0.005963s ]
INFO: [ app_begin ] --END-- [ RunTime:0.010641s ]
SQL: SHOW COLUMNS FROM `co_user` [ RunTime:0.0016s ]
SQL: SELECT * FROM `co_user` WHERE `user_name` = '123' LIMIT 1   [ RunTime:0.0013s ]
NOTIC: [8] Undefined variable: res C:\wamp64\www\thinkphp_study\carwym\Application\Home\Controller\LoginController.class.php 第 21 行.
INFO: [ app_end ] --START--
INFO: Run Behavior\ShowPageTraceBehavior [ RunTime:0.003506s ]
INFO: [ app_end ] --END-- [ RunTime:0.003947s ]

[ 2018-07-21T22:56:12+08:00 ] 127.0.0.1 /index.php/Home/Login/loging
INFO: [ app_begin ] --START--
INFO: Run Behavior\ReadHtmlCacheBehavior [ RunTime:0.001971s ]
INFO: [ app_begin ] --END-- [ RunTime:0.003035s ]
SQL: SHOW COLUMNS FROM `co_user` [ RunTime:0.0011s ]
SQL: SELECT * FROM `co_user` WHERE `user_name` = '15807203348' LIMIT 1   [ RunTime:0.0005s ]

[ 2018-07-21T22:56:19+08:00 ] 127.0.0.1 /index.php/Home/Login/loging
INFO: [ app_begin ] --START--
INFO: Run Behavior\ReadHtmlCacheBehavior [ RunTime:0.002941s ]
INFO: [ app_begin ] --END-- [ RunTime:0.005136s ]
SQL: SHOW COLUMNS FROM `co_user` [ RunTime:0.0009s ]
SQL: SELECT * FROM `co_user` WHERE `user_name` = '15807203348' LIMIT 1   [ RunTime:0.0005s ]

[ 2018-07-21T22:56:20+08:00 ] 127.0.0.1 /index.php/Home/Login/loging
INFO: [ app_begin ] --START--
INFO: Run Behavior\ReadHtmlCacheBehavior [ RunTime:0.002631s ]
INFO: [ app_begin ] --END-- [ RunTime:0.003982s ]
SQL: SHOW COLUMNS FROM `co_user` [ RunTime:0.0010s ]
SQL: SELECT * FROM `co_user` WHERE `user_name` = '15807203348' LIMIT 1   [ RunTime:0.0006s ]

[ 2018-07-21T22:56:20+08:00 ] 127.0.0.1 /index.php/Home/Login/loging
INFO: [ app_begin ] --START--
INFO: Run Behavior\ReadHtmlCacheBehavior [ RunTime:0.004855s ]
INFO: [ app_begin ] --END-- [ RunTime:0.006321s ]
SQL: SHOW COLUMNS FROM `co_user` [ RunTime:0.0010s ]
SQL: SELECT * FROM `co_user` WHERE `user_name` = '15807203348' LIMIT 1   [ RunTime:0.0005s ]

[ 2018-07-21T22:56:22+08:00 ] 127.0.0.1 /index.php/Home/Login/loging
INFO: [ app_begin ] --START--
INFO: Run Behavior\ReadHtmlCacheBehavior [ RunTime:0.002986s ]
INFO: [ app_begin ] --END-- [ RunTime:0.004939s ]
SQL: SHOW COLUMNS FROM `co_user` [ RunTime:0.0009s ]
SQL: SELECT * FROM `co_user` WHERE `user_name` = '15807203348' LIMIT 1   [ RunTime:0.0005s ]

[ 2018-07-21T22:57:33+08:00 ] 127.0.0.1 /index.php/Home/Login/loging
INFO: [ app_begin ] --START--
INFO: Run Behavior\ReadHtmlCacheBehavior [ RunTime:0.002221s ]
INFO: [ app_begin ] --END-- [ RunTime:0.003445s ]
SQL: SHOW COLUMNS FROM `co_user` [ RunTime:0.0011s ]
SQL: SELECT * FROM `co_user` WHERE `user_name` = '15807203348' LIMIT 1   [ RunTime:0.0006s ]
INFO: [ app_end ] --START--
INFO: Run Behavior\ShowPageTraceBehavior [ RunTime:0.002436s ]
INFO: [ app_end ] --END-- [ RunTime:0.002756s ]

[ 2018-07-21T22:57:35+08:00 ] 127.0.0.1 /index.php/Home/Login/loging
INFO: [ app_begin ] --START--
INFO: Run Behavior\ReadHtmlCacheBehavior [ RunTime:0.002953s ]
INFO: [ app_begin ] --END-- [ RunTime:0.004396s ]
SQL: SHOW COLUMNS FROM `co_user` [ RunTime:0.0009s ]
SQL: SELECT * FROM `co_user` WHERE `user_name` = '15807203348' LIMIT 1   [ RunTime:0.0016s ]
INFO: [ app_end ] --START--
INFO: Run Behavior\ShowPageTraceBehavior [ RunTime:0.002207s ]
INFO: [ app_end ] --END-- [ RunTime:0.002748s ]

[ 2018-07-21T22:57:36+08:00 ] 127.0.0.1 /index.php/Home/Login/loging
INFO: [ app_begin ] --START--
INFO: Run Behavior\ReadHtmlCacheBehavior [ RunTime:0.002933s ]
INFO: [ app_begin ] --END-- [ RunTime:0.004419s ]
SQL: SHOW COLUMNS FROM `co_user` [ RunTime:0.0012s ]
SQL: SELECT * FROM `co_user` WHERE `user_name` = '15807203348' LIMIT 1   [ RunTime:0.0008s ]
INFO: [ app_end ] --START--
INFO: Run Behavior\ShowPageTraceBehavior [ RunTime:0.002276s ]
INFO: [ app_end ] --END-- [ RunTime:0.002598s ]

[ 2018-07-21T22:57:36+08:00 ] 127.0.0.1 /index.php/Home/Login/loging
INFO: [ app_begin ] --START--
INFO: Run Behavior\ReadHtmlCacheBehavior [ RunTime:0.001936s ]
INFO: [ app_begin ] --END-- [ RunTime:0.003240s ]
SQL: SHOW COLUMNS FROM `co_user` [ RunTime:0.0009s ]
SQL: SELECT * FROM `co_user` WHERE `user_name` = '15807203348' LIMIT 1   [ RunTime:0.0006s ]
INFO: [ app_end ] --START--
INFO: Run Behavior\ShowPageTraceBehavior [ RunTime:0.002348s ]
INFO: [ app_end ] --END-- [ RunTime:0.002645s ]

[ 2018-07-21T22:57:36+08:00 ] 127.0.0.1 /index.php/Home/Login/loging
INFO: [ app_begin ] --START--
INFO: Run Behavior\ReadHtmlCacheBehavior [ RunTime:0.002784s ]
INFO: [ app_begin ] --END-- [ RunTime:0.005779s ]
SQL: SHOW COLUMNS FROM `co_user` [ RunTime:0.0009s ]
SQL: SELECT * FROM `co_user` WHERE `user_name` = '15807203348' LIMIT 1   [ RunTime:0.0006s ]
INFO: [ app_end ] --START--
INFO: Run Behavior\ShowPageTraceBehavior [ RunTime:0.002186s ]
INFO: [ app_end ] --END-- [ RunTime:0.002498s ]

[ 2018-07-21T22:58:15+08:00 ] 127.0.0.1 /index.php/Home/Login/loging
INFO: [ app_begin ] --START--
INFO: Run Behavior\ReadHtmlCacheBehavior [ RunTime:0.002135s ]
INFO: [ app_begin ] --END-- [ RunTime:0.003233s ]
SQL: SHOW COLUMNS FROM `co_user` [ RunTime:0.0010s ]
SQL: SELECT * FROM `co_user` WHERE `user_name` = '15807203348' LIMIT 1   [ RunTime:0.0006s ]
INFO: [ app_end ] --START--
INFO: Run Behavior\ShowPageTraceBehavior [ RunTime:0.002093s ]
INFO: [ app_end ] --END-- [ RunTime:0.002387s ]

[ 2018-07-21T23:01:09+08:00 ] 127.0.0.1 /index.php/Home/Login/loging
INFO: [ app_begin ] --START--
INFO: Run Behavior\ReadHtmlCacheBehavior [ RunTime:0.003658s ]
INFO: [ app_begin ] --END-- [ RunTime:0.005238s ]
SQL: SHOW COLUMNS FROM `co_user` [ RunTime:0.0011s ]
SQL: SELECT * FROM `co_user` WHERE `user_name` = '15807203348' LIMIT 1   [ RunTime:0.0009s ]
INFO: [ app_end ] --START--
INFO: Run Behavior\ShowPageTraceBehavior [ RunTime:0.004031s ]
INFO: [ app_end ] --END-- [ RunTime:0.004360s ]

[ 2018-07-21T23:01:50+08:00 ] 127.0.0.1 /index.php/Home/Login/loging
INFO: [ app_begin ] --START--
INFO: Run Behavior\ReadHtmlCacheBehavior [ RunTime:0.003611s ]
INFO: [ app_begin ] --END-- [ RunTime:0.005186s ]
SQL: SHOW COLUMNS FROM `co_user` [ RunTime:0.0009s ]
SQL: SELECT * FROM `co_user` WHERE `user_name` = '15807203348' LIMIT 1   [ RunTime:0.0006s ]
INFO: [ app_end ] --START--
INFO: Run Behavior\ShowPageTraceBehavior [ RunTime:0.003847s ]
INFO: [ app_end ] --END-- [ RunTime:0.004139s ]

[ 2018-07-21T23:01:58+08:00 ] 127.0.0.1 /index.php/Home/Login/loging
INFO: [ app_begin ] --START--
INFO: Run Behavior\ReadHtmlCacheBehavior [ RunTime:0.003789s ]
INFO: [ app_begin ] --END-- [ RunTime:0.006542s ]
SQL: SHOW COLUMNS FROM `co_user` [ RunTime:0.0009s ]
SQL: SELECT * FROM `co_user` WHERE `user_name` = '15807203348' LIMIT 1   [ RunTime:0.0005s ]
INFO: [ app_end ] --START--
INFO: Run Behavior\ShowPageTraceBehavior [ RunTime:0.003808s ]
INFO: [ app_end ] --END-- [ RunTime:0.004104s ]

[ 2018-07-21T22:18:16+08:00 ] 127.0.0.1 /index.php/Home/Login/loging
INFO: [ app_begin ] --START--
INFO: Run Behavior\ReadHtmlCacheBehavior [ RunTime:0.002510s ]
INFO: [ app_begin ] --END-- [ RunTime:0.003852s ]
SQL: SHOW COLUMNS FROM `co_user` [ RunTime:0.0009s ]
SQL: SELECT * FROM `co_user` WHERE `user_name` = '123456' LIMIT 1   [ RunTime:0.0006s ]
INFO: [ app_end ] --START--
INFO: Run Behavior\ShowPageTraceBehavior [ RunTime:0.002163s ]
INFO: [ app_end ] --END-- [ RunTime:0.002453s ]

[ 2018-07-21T22:19:01+08:00 ] 127.0.0.1 /index.php/Home/Login/loging
INFO: [ app_begin ] --START--
INFO: Run Behavior\ReadHtmlCacheBehavior [ RunTime:0.001931s ]
INFO: [ app_begin ] --END-- [ RunTime:0.003048s ]
SQL: SHOW COLUMNS FROM `co_user` [ RunTime:0.0010s ]
SQL: SELECT * FROM `co_user` WHERE `user_name` = '15807203348' LIMIT 1   [ RunTime:0.0005s ]
INFO: [ app_end ] --START--
INFO: Run Behavior\ShowPageTraceBehavior [ RunTime:0.002123s ]
INFO: [ app_end ] --END-- [ RunTime:0.002416s ]

[ 2018-07-21T22:19:10+08:00 ] 127.0.0.1 /index.php/Home/Login/loging
INFO: [ app_begin ] --START--
INFO: Run Behavior\ReadHtmlCacheBehavior [ RunTime:0.002260s ]
INFO: [ app_begin ] --END-- [ RunTime:0.003404s ]
SQL: SHOW COLUMNS FROM `co_user` [ RunTime:0.0009s ]
SQL: SELECT * FROM `co_user` WHERE `user_name` = '15807203348' LIMIT 1   [ RunTime:0.0005s ]
INFO: [ app_end ] --START--
INFO: Run Behavior\ShowPageTraceBehavior [ RunTime:0.002247s ]
INFO: [ app_end ] --END-- [ RunTime:0.002538s ]

[ 2018-07-21T22:19:11+08:00 ] 127.0.0.1 /index.php/Home/Login/loging
INFO: [ app_begin ] --START--
INFO: Run Behavior\ReadHtmlCacheBehavior [ RunTime:0.002081s ]
INFO: [ app_begin ] --END-- [ RunTime:0.003311s ]
SQL: SHOW COLUMNS FROM `co_user` [ RunTime:0.0009s ]
SQL: SELECT * FROM `co_user` WHERE `user_name` = '15807203348' LIMIT 1   [ RunTime:0.0005s ]
INFO: [ app_end ] --START--
INFO: Run Behavior\ShowPageTraceBehavior [ RunTime:0.002114s ]
INFO: [ app_end ] --END-- [ RunTime:0.002403s ]

[ 2018-07-21T22:19:11+08:00 ] 127.0.0.1 /index.php/Home/Login/loging
INFO: [ app_begin ] --START--
INFO: Run Behavior\ReadHtmlCacheBehavior [ RunTime:0.001989s ]
INFO: [ app_begin ] --END-- [ RunTime:0.003085s ]
SQL: SHOW COLUMNS FROM `co_user` [ RunTime:0.0009s ]
SQL: SELECT * FROM `co_user` WHERE `user_name` = '15807203348' LIMIT 1   [ RunTime:0.0005s ]
INFO: [ app_end ] --START--
INFO: Run Behavior\ShowPageTraceBehavior [ RunTime:0.002110s ]
INFO: [ app_end ] --END-- [ RunTime:0.002399s ]

[ 2018-07-21T22:19:12+08:00 ] 127.0.0.1 /index.php/Home/Login/loging
INFO: [ app_begin ] --START--
INFO: Run Behavior\ReadHtmlCacheBehavior [ RunTime:0.002634s ]
INFO: [ app_begin ] --END-- [ RunTime:0.004286s ]
SQL: SHOW COLUMNS FROM `co_user` [ RunTime:0.0009s ]
SQL: SELECT * FROM `co_user` WHERE `user_name` = '15807203348' LIMIT 1   [ RunTime:0.0005s ]
INFO: [ app_end ] --START--
INFO: Run Behavior\ShowPageTraceBehavior [ RunTime:0.002192s ]
INFO: [ app_end ] --END-- [ RunTime:0.002483s ]

[ 2018-07-21T22:19:12+08:00 ] 127.0.0.1 /index.php/Home/Login/loging
INFO: [ app_begin ] --START--
INFO: Run Behavior\ReadHtmlCacheBehavior [ RunTime:0.002099s ]
INFO: [ app_begin ] --END-- [ RunTime:0.003873s ]
SQL: SHOW COLUMNS FROM `co_user` [ RunTime:0.0009s ]
SQL: SELECT * FROM `co_user` WHERE `user_name` = '15807203348' LIMIT 1   [ RunTime:0.0005s ]
INFO: [ app_end ] --START--
INFO: Run Behavior\ShowPageTraceBehavior [ RunTime:0.002120s ]
INFO: [ app_end ] --END-- [ RunTime:0.002412s ]

[ 2018-07-21T22:19:14+08:00 ] 127.0.0.1 /index.php/Home/Login/loging
INFO: [ app_begin ] --START--
INFO: Run Behavior\ReadHtmlCacheBehavior [ RunTime:0.001981s ]
INFO: [ app_begin ] --END-- [ RunTime:0.003137s ]
SQL: SHOW COLUMNS FROM `co_user` [ RunTime:0.0009s ]
SQL: SELECT * FROM `co_user` WHERE `user_name` = '15807203348' LIMIT 1   [ RunTime:0.0005s ]
INFO: [ app_end ] --START--
INFO: Run Behavior\ShowPageTraceBehavior [ RunTime:0.002171s ]
INFO: [ app_end ] --END-- [ RunTime:0.002472s ]

[ 2018-07-21T22:21:42+08:00 ] 127.0.0.1 /index.php/Home/Login/loging
INFO: [ app_begin ] --START--
INFO: Run Behavior\ReadHtmlCacheBehavior [ RunTime:0.001888s ]
INFO: [ app_begin ] --END-- [ RunTime:0.002947s ]
SQL: SHOW COLUMNS FROM `co_user` [ RunTime:0.0009s ]
SQL: SELECT COUNT(*) AS tp_count FROM `co_user` WHERE `user_name` = '15807203348' AND `user_password` = '123456' LIMIT 1   [ RunTime:0.0006s ]
INFO: [ app_end ] --START--
INFO: Run Behavior\ShowPageTraceBehavior [ RunTime:0.002152s ]
INFO: [ app_end ] --END-- [ RunTime:0.002486s ]

[ 2018-07-21T22:21:43+08:00 ] 127.0.0.1 /index.php/Home/Login/loging
INFO: [ app_begin ] --START--
INFO: Run Behavior\ReadHtmlCacheBehavior [ RunTime:0.002629s ]
INFO: [ app_begin ] --END-- [ RunTime:0.005272s ]
SQL: SHOW COLUMNS FROM `co_user` [ RunTime:0.0009s ]
SQL: SELECT COUNT(*) AS tp_count FROM `co_user` WHERE `user_name` = '15807203348' AND `user_password` = '123456' LIMIT 1   [ RunTime:0.0007s ]
INFO: [ app_end ] --START--
INFO: Run Behavior\ShowPageTraceBehavior [ RunTime:0.002171s ]
INFO: [ app_end ] --END-- [ RunTime:0.002471s ]

[ 2018-07-21T22:21:44+08:00 ] 127.0.0.1 /index.php/Home/Login/loging
INFO: [ app_begin ] --START--
INFO: Run Behavior\ReadHtmlCacheBehavior [ RunTime:0.002314s ]
INFO: [ app_begin ] --END-- [ RunTime:0.003700s ]
SQL: SHOW COLUMNS FROM `co_user` [ RunTime:0.0010s ]
SQL: SELECT COUNT(*) AS tp_count FROM `co_user` WHERE `user_name` = '15807203348' AND `user_password` = '123456' LIMIT 1   [ RunTime:0.0005s ]
INFO: [ app_end ] --START--
INFO: Run Behavior\ShowPageTraceBehavior [ RunTime:0.002352s ]
INFO: [ app_end ] --END-- [ RunTime:0.002646s ]

[ 2018-07-21T22:21:44+08:00 ] 127.0.0.1 /index.php/Home/Login/loging
INFO: [ app_begin ] --START--
INFO: Run Behavior\ReadHtmlCacheBehavior [ RunTime:0.002449s ]
INFO: [ app_begin ] --END-- [ RunTime:0.003958s ]
SQL: SHOW COLUMNS FROM `co_user` [ RunTime:0.0009s ]
SQL: SELECT COUNT(*) AS tp_count FROM `co_user` WHERE `user_name` = '15807203348' AND `user_password` = '123456' LIMIT 1   [ RunTime:0.0006s ]
INFO: [ app_end ] --START--
INFO: Run Behavior\ShowPageTraceBehavior [ RunTime:0.002117s ]
INFO: [ app_end ] --END-- [ RunTime:0.002419s ]

[ 2018-07-21T22:21:44+08:00 ] 127.0.0.1 /index.php/Home/Login/loging
INFO: [ app_begin ] --START--
INFO: Run Behavior\ReadHtmlCacheBehavior [ RunTime:0.002072s ]
INFO: [ app_begin ] --END-- [ RunTime:0.003185s ]
SQL: SHOW COLUMNS FROM `co_user` [ RunTime:0.0009s ]
SQL: SELECT COUNT(*) AS tp_count FROM `co_user` WHERE `user_name` = '15807203348' AND `user_password` = '123456' LIMIT 1   [ RunTime:0.0006s ]
INFO: [ app_end ] --START--
INFO: Run Behavior\ShowPageTraceBehavior [ RunTime:0.002376s ]
INFO: [ app_end ] --END-- [ RunTime:0.002674s ]

[ 2018-07-21T22:21:48+08:00 ] 127.0.0.1 /index.php/Home/Login/loging
INFO: [ app_begin ] --START--
INFO: Run Behavior\ReadHtmlCacheBehavior [ RunTime:0.002978s ]
INFO: [ app_begin ] --END-- [ RunTime:0.004820s ]
SQL: SHOW COLUMNS FROM `co_user` [ RunTime:0.0010s ]
SQL: SELECT COUNT(*) AS tp_count FROM `co_user` WHERE `user_name` = '15807203348' AND `user_password` = '123456' LIMIT 1   [ RunTime:0.0007s ]
INFO: [ app_end ] --START--
INFO: Run Behavior\ShowPageTraceBehavior [ RunTime:0.002452s ]
INFO: [ app_end ] --END-- [ RunTime:0.002753s ]

[ 2018-07-21T22:21:51+08:00 ] 127.0.0.1 /index.php/Home/Login/loging
INFO: [ app_begin ] --START--
INFO: Run Behavior\ReadHtmlCacheBehavior [ RunTime:0.002060s ]
INFO: [ app_begin ] --END-- [ RunTime:0.003269s ]
SQL: SHOW COLUMNS FROM `co_user` [ RunTime:0.0009s ]
SQL: SELECT COUNT(*) AS tp_count FROM `co_user` WHERE `user_name` = '15807203348' AND `user_password` = '123456' LIMIT 1   [ RunTime:0.0005s ]
INFO: [ app_end ] --START--
INFO: Run Behavior\ShowPageTraceBehavior [ RunTime:0.002094s ]
INFO: [ app_end ] --END-- [ RunTime:0.002386s ]

[ 2018-07-21T22:21:59+08:00 ] 127.0.0.1 /index.php/Home/Login/loging
INFO: [ app_begin ] --START--
INFO: Run Behavior\ReadHtmlCacheBehavior [ RunTime:0.003318s ]
INFO: [ app_begin ] --END-- [ RunTime:0.004782s ]
SQL: SHOW COLUMNS FROM `co_user` [ RunTime:0.0009s ]
SQL: SELECT COUNT(*) AS tp_count FROM `co_user` WHERE `user_name` = '15807203348' AND `user_password` = '123456' LIMIT 1   [ RunTime:0.0006s ]
INFO: [ app_end ] --START--
INFO: Run Behavior\ShowPageTraceBehavior [ RunTime:0.002595s ]
INFO: [ app_end ] --END-- [ RunTime:0.003024s ]

[ 2018-07-21T23:52:13+08:00 ] 127.0.0.1 /index.php/Home/Login/loging
INFO: [ app_begin ] --START--
INFO: Run Behavior\ReadHtmlCacheBehavior [ RunTime:0.009816s ]
INFO: [ app_begin ] --END-- [ RunTime:0.011251s ]
SQL: SHOW COLUMNS FROM `co_user` [ RunTime:0.0237s ]
INFO: [ app_end ] --START--
INFO: Run Behavior\ShowPageTraceBehavior [ RunTime:0.001618s ]
INFO: [ app_end ] --END-- [ RunTime:0.001930s ]

[ 2018-07-21T23:52:32+08:00 ] 127.0.0.1 /index.php/Home/Login/loging
INFO: [ app_begin ] --START--
INFO: Run Behavior\ReadHtmlCacheBehavior [ RunTime:0.001595s ]
INFO: [ app_begin ] --END-- [ RunTime:0.002724s ]
SQL: SHOW COLUMNS FROM `co_user` [ RunTime:0.0023s ]
INFO: [ app_end ] --START--
INFO: Run Behavior\ShowPageTraceBehavior [ RunTime:0.001621s ]
INFO: [ app_end ] --END-- [ RunTime:0.001915s ]

[ 2018-07-21T23:52:36+08:00 ] 127.0.0.1 /index.php/Home/Login/loging
INFO: [ app_begin ] --START--
INFO: Run Behavior\ReadHtmlCacheBehavior [ RunTime:0.001421s ]
INFO: [ app_begin ] --END-- [ RunTime:0.002530s ]
SQL: SHOW COLUMNS FROM `co_user` [ RunTime:0.0023s ]
INFO: [ app_end ] --START--
INFO: Run Behavior\ShowPageTraceBehavior [ RunTime:0.001605s ]
INFO: [ app_end ] --END-- [ RunTime:0.001895s ]

[ 2018-07-21T23:53:12+08:00 ] 127.0.0.1 /index.php/Home/Login/loging
INFO: [ app_begin ] --START--
INFO: Run Behavior\ReadHtmlCacheBehavior [ RunTime:0.001520s ]
INFO: [ app_begin ] --END-- [ RunTime:0.002628s ]
SQL: SHOW COLUMNS FROM `co_user` [ RunTime:0.0024s ]
INFO: [ app_end ] --START--
INFO: Run Behavior\ShowPageTraceBehavior [ RunTime:0.001645s ]
INFO: [ app_end ] --END-- [ RunTime:0.001942s ]

[ 2018-07-21T23:53:14+08:00 ] 127.0.0.1 /index.php/Home/Login/loging
INFO: [ app_begin ] --START--
INFO: Run Behavior\ReadHtmlCacheBehavior [ RunTime:0.001457s ]
INFO: [ app_begin ] --END-- [ RunTime:0.002611s ]
SQL: SHOW COLUMNS FROM `co_user` [ RunTime:0.0024s ]
INFO: [ app_end ] --START--
INFO: Run Behavior\ShowPageTraceBehavior [ RunTime:0.001618s ]
INFO: [ app_end ] --END-- [ RunTime:0.001911s ]

[ 2018-07-21T23:48:10+08:00 ] 127.0.0.1 /index.php/Home/Login/loging
INFO: [ app_begin ] --START--
INFO: Run Behavior\ReadHtmlCacheBehavior [ RunTime:0.001796s ]
INFO: [ app_begin ] --END-- [ RunTime:0.003161s ]
NOTIC: [8] Array to string conversion C:\wamp64\www\thinkphp_study\carwym\Application\Home\Controller\LoginController.class.php 第 13 行.
INFO: [ app_end ] --START--
INFO: Run Behavior\ShowPageTraceBehavior [ RunTime:0.001767s ]
INFO: [ app_end ] --END-- [ RunTime:0.002097s ]

[ 2018-07-21T23:49:41+08:00 ] 127.0.0.1 /index.php/Home/Login/loging
INFO: [ app_begin ] --START--
INFO: Run Behavior\ReadHtmlCacheBehavior [ RunTime:0.001703s ]
INFO: [ app_begin ] --END-- [ RunTime:0.002945s ]
NOTIC: [8] Array to string conversion C:\wamp64\www\thinkphp_study\carwym\Application\Home\Controller\LoginController.class.php 第 13 行.
INFO: [ app_end ] --START--
INFO: Run Behavior\ShowPageTraceBehavior [ RunTime:0.001750s ]
INFO: [ app_end ] --END-- [ RunTime:0.002088s ]

[ 2018-07-21T23:52:10+08:00 ] 127.0.0.1 /index.php/Home/Login/loging
INFO: [ app_begin ] --START--
INFO: Run Behavior\ReadHtmlCacheBehavior [ RunTime:0.001854s ]
INFO: [ app_begin ] --END-- [ RunTime:0.003030s ]
SQL: SHOW COLUMNS FROM `co_user` [ RunTime:0.0012s ]
SQL: SELECT COUNT(*) AS tp_count FROM `co_user` WHERE ( 123 ) LIMIT 1   [ RunTime:0.0067s ]
NOTIC: [2] Illegal string offset 'user_id' C:\wamp64\www\thinkphp_study\carwym\Application\Home\Controller\LoginController.class.php 第 17 行.

[ 2018-07-21T23:54:33+08:00 ] 127.0.0.1 /index.php/Home/Login/loging
INFO: [ app_begin ] --START--
INFO: Run Behavior\ReadHtmlCacheBehavior [ RunTime:0.001938s ]
INFO: [ app_begin ] --END-- [ RunTime:0.003461s ]
SQL: SHOW COLUMNS FROM `co_user` [ RunTime:0.0009s ]
SQL: SELECT COUNT(*) AS tp_count FROM `co_user` WHERE ( 123 ) LIMIT 1   [ RunTime:0.0004s ]
INFO: [ app_end ] --START--
INFO: Run Behavior\ShowPageTraceBehavior [ RunTime:0.001632s ]
INFO: [ app_end ] --END-- [ RunTime:0.001924s ]

[ 2018-07-21T23:54:57+08:00 ] 127.0.0.1 /index.php/Home/Login/loging
INFO: [ app_begin ] --START--
INFO: Run Behavior\ReadHtmlCacheBehavior [ RunTime:0.001476s ]
INFO: [ app_begin ] --END-- [ RunTime:0.002538s ]
SQL: SHOW COLUMNS FROM `co_user` [ RunTime:0.0011s ]
SQL: SELECT COUNT(*) AS tp_count FROM `co_user` WHERE ( 123 ) LIMIT 1   [ RunTime:0.0004s ]
INFO: [ app_end ] --START--
INFO: Run Behavior\ShowPageTraceBehavior [ RunTime:0.001631s ]
INFO: [ app_end ] --END-- [ RunTime:0.001919s ]

[ 2018-07-21T23:55:21+08:00 ] 127.0.0.1 /index.php/Home/Login/loging
INFO: [ app_begin ] --START--
INFO: Run Behavior\ReadHtmlCacheBehavior [ RunTime:0.001450s ]
INFO: [ app_begin ] --END-- [ RunTime:0.002477s ]
SQL: SHOW COLUMNS FROM `co_user` [ RunTime:0.0009s ]
SQL: SELECT COUNT(*) AS tp_count FROM `co_user` WHERE ( 123123 ) LIMIT 1   [ RunTime:0.0004s ]
INFO: [ app_end ] --START--
INFO: Run Behavior\ShowPageTraceBehavior [ RunTime:0.001602s ]
INFO: [ app_end ] --END-- [ RunTime:0.001922s ]

[ 2018-07-21T23:56:00+08:00 ] 127.0.0.1 /index.php/Home/Login/loging
INFO: [ app_begin ] --START--
INFO: Run Behavior\ReadHtmlCacheBehavior [ RunTime:0.001495s ]
INFO: [ app_begin ] --END-- [ RunTime:0.002572s ]
SQL: SHOW COLUMNS FROM `co_user` [ RunTime:0.0011s ]
SQL: SELECT COUNT(*) AS tp_count FROM `co_user` WHERE ( 123123 ) LIMIT 1   [ RunTime:0.0006s ]
INFO: [ app_end ] --START--
INFO: Run Behavior\ShowPageTraceBehavior [ RunTime:0.001693s ]
INFO: [ app_end ] --END-- [ RunTime:0.002014s ]

[ 2018-07-21T23:56:43+08:00 ] 127.0.0.1 /index.php/Home/Login/loging
INFO: [ app_begin ] --START--
INFO: Run Behavior\ReadHtmlCacheBehavior [ RunTime:0.001748s ]
INFO: [ app_begin ] --END-- [ RunTime:0.003692s ]
SQL: SHOW COLUMNS FROM `co_user` [ RunTime:0.0011s ]
SQL: SELECT * FROM `co_user` WHERE ( 123 ) LIMIT 1   [ RunTime:0.0010s ]
NOTIC: [8] Array to string conversion C:\wamp64\www\thinkphp_study\carwym\Application\Home\Controller\LoginController.class.php 第 14 行.
INFO: [ app_end ] --START--
INFO: Run Behavior\ShowPageTraceBehavior [ RunTime:0.002009s ]
INFO: [ app_end ] --END-- [ RunTime:0.002321s ]

[ 2018-07-21T23:58:13+08:00 ] 127.0.0.1 /index.php/Home/Login/loging
INFO: [ app_begin ] --START--
INFO: Run Behavior\ReadHtmlCacheBehavior [ RunTime:0.001934s ]
INFO: [ app_begin ] --END-- [ RunTime:0.002927s ]
SQL: SHOW COLUMNS FROM `co_user` [ RunTime:0.0009s ]
SQL: SELECT * FROM `co_user` WHERE ( 123 ) LIMIT 1   [ RunTime:0.0005s ]
INFO: [ app_end ] --START--
INFO: Run Behavior\ShowPageTraceBehavior [ RunTime:0.001729s ]
INFO: [ app_end ] --END-- [ RunTime:0.002033s ]

